app/build/intermediates/manifest_merge_blame_file/debug/processDebugMainManifest/manifest-merger-blame-debug-report.txt
1<?xml version="1.0" encoding="utf-8"?>
2<manifest xmlns:android="http://schemas.android.com/apk/res/android"
3    package="com.econoforge.simulator"
4    android:versionCode="1"
5    android:versionName="1.0" >
6
7    <uses-sdk
7-->INJECTED
8        android:minSdkVersion="26"
8-->INJECTED
9        android:targetSdkVersion="36" />
9-->INJECTED
10
11    <permission
11-->[androidx.core:core:1.18.0] AndroidManifest.xml:22:5-24:47
12        android:name="com.econoforge.simulator.DYNAMIC_RECEIVER_NOT_EXPORTED_PERMISSION"
12-->[androidx.core:core:1.18.0] AndroidManifest.xml:23:9-81
13        android:protectionLevel="signature" />
13-->[androidx.core:core:1.18.0] AndroidManifest.xml:24:9-44
14
15    <uses-permission android:name="com.econoforge.simulator.DYNAMIC_RECEIVER_NOT_EXPORTED_PERMISSION" />
15-->[androidx.core:core:1.18.0] AndroidManifest.xml:26:5-97
15-->[androidx.core:core:1.18.0] AndroidManifest.xml:26:22-94
16
17    <application
17-->src/main/AndroidManifest.xml:4:5-21:19
18        android:allowBackup="false"
18-->src/main/AndroidManifest.xml:5:9-36
19        android:appComponentFactory="androidx.core.app.CoreComponentFactory"
19-->[androidx.core:core:1.18.0] AndroidManifest.xml:28:18-86
20        android:debuggable="true"
21        android:extractNativeLibs="false"
21-->INJECTED
22        android:icon="@mipmap/ic_launcher"
22-->src/main/AndroidManifest.xml:6:9-43
23        android:label="@string/app_name"
23-->src/main/AndroidManifest.xml:7:9-41
24        android:roundIcon="@mipmap/ic_launcher_round"
24-->src/main/AndroidManifest.xml:8:9-54
25        android:supportsRtl="true"
25-->src/main/AndroidManifest.xml:9:9-35
26        android:theme="@style/Theme.EconoForge" >
26-->src/main/AndroidManifest.xml:10:9-48
27        <activity
27-->src/main/AndroidManifest.xml:11:9-20:20
28            android:name="com.econoforge.simulator.MainActivity"
28-->src/main/AndroidManifest.xml:12:13-41
29            android:exported="true"
29-->src/main/AndroidManifest.xml:13:13-36
30            android:screenOrientation="portrait" >
30-->src/main/AndroidManifest.xml:14:13-49
31            <intent-filter>
31-->src/main/AndroidManifest.xml:15:13-19:29
32                <action android:name="android.intent.action.MAIN" />
32-->src/main/AndroidManifest.xml:16:17-69
32-->src/main/AndroidManifest.xml:16:25-66
33
34                <category android:name="android.intent.category.LAUNCHER" />
34-->src/main/AndroidManifest.xml:18:17-77
34-->src/main/AndroidManifest.xml:18:27-74
35            </intent-filter>
36        </activity>
37        <activity
37-->[androidx.compose.ui:ui-tooling-android:1.10.6] AndroidManifest.xml:23:9-25:39
38            android:name="androidx.compose.ui.tooling.PreviewActivity"
38-->[androidx.compose.ui:ui-tooling-android:1.10.6] AndroidManifest.xml:24:13-71
39            android:exported="true" />
39-->[androidx.compose.ui:ui-tooling-android:1.10.6] AndroidManifest.xml:25:13-36
40
41        <uses-library
41-->[androidx.window:window:1.5.0] AndroidManifest.xml:23:9-25:40
42            android:name="androidx.window.extensions"
42-->[androidx.window:window:1.5.0] AndroidManifest.xml:24:13-54
43            android:required="false" />
43-->[androidx.window:window:1.5.0] AndroidManifest.xml:25:13-37
44        <uses-library
44-->[androidx.window:window:1.5.0] AndroidManifest.xml:26:9-28:40
45            android:name="androidx.window.sidecar"
45-->[androidx.window:window:1.5.0] AndroidManifest.xml:27:13-51
46            android:required="false" />
46-->[androidx.window:window:1.5.0] AndroidManifest.xml:28:13-37
47
48        <provider
48-->[androidx.emoji2:emoji2:1.4.0] AndroidManifest.xml:24:9-32:20
49            android:name="androidx.startup.InitializationProvider"
49-->[androidx.emoji2:emoji2:1.4.0] AndroidManifest.xml:25:13-67
50            android:authorities="com.econoforge.simulator.androidx-startup"
50-->[androidx.emoji2:emoji2:1.4.0] AndroidManifest.xml:26:13-68
51            android:exported="false" >
51-->[androidx.emoji2:emoji2:1.4.0] AndroidManifest.xml:27:13-37
52            <meta-data
52-->[androidx.emoji2:emoji2:1.4.0] AndroidManifest.xml:29:13-31:52
53                android:name="androidx.emoji2.text.EmojiCompatInitializer"
53-->[androidx.emoji2:emoji2:1.4.0] AndroidManifest.xml:30:17-75
54                android:value="androidx.startup" />
54-->[androidx.emoji2:emoji2:1.4.0] AndroidManifest.xml:31:17-49
55            <meta-data
55-->[androidx.lifecycle:lifecycle-process:2.10.0] AndroidManifest.xml:29:13-31:52
56                android:name="androidx.lifecycle.ProcessLifecycleInitializer"
56-->[androidx.lifecycle:lifecycle-process:2.10.0] AndroidManifest.xml:30:17-78
57                android:value="androidx.startup" />
57-->[androidx.lifecycle:lifecycle-process:2.10.0] AndroidManifest.xml:31:17-49
58            <meta-data
58-->[androidx.profileinstaller:profileinstaller:1.4.0] AndroidManifest.xml:29:13-31:52
59                android:name="androidx.profileinstaller.ProfileInstallerInitializer"
59-->[androidx.profileinstaller:profileinstaller:1.4.0] AndroidManifest.xml:30:17-85
60                android:value="androidx.startup" />
60-->[androidx.profileinstaller:profileinstaller:1.4.0] AndroidManifest.xml:31:17-49
61        </provider>
62
63        <activity
63-->[androidx.compose.ui:ui-test-manifest:1.10.6] AndroidManifest.xml:23:9-26:79
64            android:name="androidx.activity.ComponentActivity"
64-->[androidx.compose.ui:ui-test-manifest:1.10.6] AndroidManifest.xml:24:13-63
65            android:exported="true"
65-->[androidx.compose.ui:ui-test-manifest:1.10.6] AndroidManifest.xml:25:13-36
66            android:theme="@android:style/Theme.Material.Light.NoActionBar" />
66-->[androidx.compose.ui:ui-test-manifest:1.10.6] AndroidManifest.xml:26:13-76
67
68        <receiver
68-->[androidx.profileinstaller:profileinstaller:1.4.0] AndroidManifest.xml:34:9-52:20
69            android:name="androidx.profileinstaller.ProfileInstallReceiver"
69-->[androidx.profileinstaller:profileinstaller:1.4.0] AndroidManifest.xml:35:13-76
70            android:directBootAware="false"
70-->[androidx.profileinstaller:profileinstaller:1.4.0] AndroidManifest.xml:36:13-44
71            android:enabled="true"
71-->[androidx.profileinstaller:profileinstaller:1.4.0] AndroidManifest.xml:37:13-35
72            android:exported="true"
72-->[androidx.profileinstaller:profileinstaller:1.4.0] AndroidManifest.xml:38:13-36
73            android:permission="android.permission.DUMP" >
73-->[androidx.profileinstaller:profileinstaller:1.4.0] AndroidManifest.xml:39:13-57
74            <intent-filter>
74-->[androidx.profileinstaller:profileinstaller:1.4.0] AndroidManifest.xml:40:13-42:29
75                <action android:name="androidx.profileinstaller.action.INSTALL_PROFILE" />
75-->[androidx.profileinstaller:profileinstaller:1.4.0] AndroidManifest.xml:41:17-91
75-->[androidx.profileinstaller:profileinstaller:1.4.0] AndroidManifest.xml:41:25-88
76            </intent-filter>
77            <intent-filter>
77-->[androidx.profileinstaller:profileinstaller:1.4.0] AndroidManifest.xml:43:13-45:29
78                <action android:name="androidx.profileinstaller.action.SKIP_FILE" />
78-->[androidx.profileinstaller:profileinstaller:1.4.0] AndroidManifest.xml:44:17-85
78-->[androidx.profileinstaller:profileinstaller:1.4.0] AndroidManifest.xml:44:25-82
79            </intent-filter>
80            <intent-filter>
80-->[androidx.profileinstaller:profileinstaller:1.4.0] AndroidManifest.xml:46:13-48:29
81                <action android:name="androidx.profileinstaller.action.SAVE_PROFILE" />
81-->[androidx.profileinstaller:profileinstaller:1.4.0] AndroidManifest.xml:47:17-88
81-->[androidx.profileinstaller:profileinstaller:1.4.0] AndroidManifest.xml:47:25-85
82            </intent-filter>
83            <intent-filter>
83-->[androidx.profileinstaller:profileinstaller:1.4.0] AndroidManifest.xml:49:13-51:29
84                <action android:name="androidx.profileinstaller.action.BENCHMARK_OPERATION" />
84-->[androidx.profileinstaller:profileinstaller:1.4.0] AndroidManifest.xml:50:17-95
84-->[androidx.profileinstaller:profileinstaller:1.4.0] AndroidManifest.xml:50:25-92
85            </intent-filter>
86        </receiver>
87    </application>
88
89</manifest>